<?xml version="1.0" encoding="UTF-8"?>
<!-- Generated by org.testng.reporters.JUnitReportReporter -->
<testsuite hostname="DESKTOP-D9VU81O" failures="0" tests="6" name="module1.NewTest" time="0.075" errors="0" timestamp="2022-09-01T17:36:39 IST" skipped="0">
  <testcase classname="module1.NewTest" name="f6" time="0.005"/>
  <system-out/>
  <testcase classname="module1.NewTest" name="f5" time="0.009"/>
  <system-out/>
  <testcase classname="module1.NewTest" name="f2" time="0.003"/>
  <system-out/>
  <testcase classname="module1.NewTest" name="f3" time="0.008"/>
  <system-out/>
  <testcase classname="module1.NewTest" name="f1" time="0.043"/>
  <system-out/>
  <testcase classname="module1.NewTest" name="f4" time="0.007"/>
  <system-out/>
</testsuite> <!-- module1.NewTest -->
