<?xml version="1.0" encoding="UTF-8"?>
<!-- Generated by org.testng.reporters.JUnitReportReporter -->
<testsuite hostname="DESKTOP-D9VU81O" failures="0" tests="2" name="module1.Akitelogintest" time="23.519" errors="0" timestamp="2022-08-22T08:17:33 IST" skipped="0">
  <testcase classname="module1.Akitelogintest" name="verifylogin1" time="11.078"/>
  <system-out/>
  <testcase classname="module1.Akitelogintest" name="verifylogin" time="12.441"/>
  <system-out/>
</testsuite> <!-- module1.Akitelogintest -->
